TN:
SF:src\advanced.js
FN:1,pow
FN:9,modulo
FNF:2
FNH:2
FNDA:25,pow
FNDA:27,modulo
DA:2,25
DA:3,25
DA:4,51
DA:6,25
DA:10,27
DA:13,1
DA:14,1
DA:16,1
LF:8
LH:8
BRF:0
BRH:0
end_of_record
TN:
SF:src\basic.js
FN:1,add
FN:5,subtract
FN:9,multiply
FN:13,divide
FNF:4
FNH:4
FNDA:17,add
FNDA:17,subtract
FNDA:17,multiply
FNDA:17,divide
DA:2,17
DA:6,17
DA:10,17
DA:14,17
DA:17,1
DA:18,1
DA:19,1
DA:20,1
DA:22,1
LF:9
LH:9
BRF:0
BRH:0
end_of_record
TN:
SF:src\sorting.js
FN:1,selectionSort
FN:27,insertionSort
FNF:2
FNH:2
FNDA:19,selectionSort
FNDA:19,insertionSort
DA:2,19
DA:4,19
DA:5,44
DA:7,44
DA:8,100
DA:9,21
DA:13,44
DA:15,14
DA:19,19
DA:23,1
DA:24,1
DA:28,19
DA:30,19
DA:31,44
DA:32,44
DA:34,44
DA:35,32
DA:36,32
DA:39,44
DA:42,19
DA:46,1
DA:47,1
DA:50,1
LF:23
LH:23
BRDA:8,0,0,21
BRDA:8,0,1,79
BRDA:13,1,0,14
BRDA:13,1,1,30
BRDA:34,2,0,76
BRDA:34,2,1,64
BRF:6
BRH:6
end_of_record
